<?xml version="1.0" encoding="UTF-8"?>
<testsuite name="ch.fhnw.edu.eaf.eventmgmt.UserControllerTest" tests="3" skipped="0" failures="0" errors="0" timestamp="2017-03-06T17:35:52" hostname="lukass-mbp.edu.ds.fhnw.ch" time="0.183">
  <properties/>
  <testcase name="findById_UserFound_ShouldReturnFound" classname="ch.fhnw.edu.eaf.eventmgmt.UserControllerTest" time="0.161"/>
  <testcase name="findAll_QuestionnairesFound_ShouldReturnFoundUsers" classname="ch.fhnw.edu.eaf.eventmgmt.UserControllerTest" time="0.014"/>
  <testcase name="findById_UserNotExisting_ShouldReturnNotFound" classname="ch.fhnw.edu.eaf.eventmgmt.UserControllerTest" time="0.006"/>
  <system-out><![CDATA[18:35:49.679 [Test worker] DEBUG org.springframework.test.context.junit4.SpringJUnit4ClassRunner - SpringJUnit4ClassRunner constructor called with [class ch.fhnw.edu.eaf.eventmgmt.UserControllerTest]
18:35:49.684 [Test worker] DEBUG org.springframework.test.context.BootstrapUtils - Instantiating CacheAwareContextLoaderDelegate from class [org.springframework.test.context.cache.DefaultCacheAwareContextLoaderDelegate]
18:35:49.691 [Test worker] DEBUG org.springframework.test.context.BootstrapUtils - Instantiating BootstrapContext using constructor [public org.springframework.test.context.support.DefaultBootstrapContext(java.lang.Class,org.springframework.test.context.CacheAwareContextLoaderDelegate)]
18:35:49.707 [Test worker] DEBUG org.springframework.test.context.BootstrapUtils - Instantiating TestContextBootstrapper for test class [ch.fhnw.edu.eaf.eventmgmt.UserControllerTest] from class [org.springframework.boot.test.autoconfigure.web.servlet.WebMvcTestContextBootstrapper]
18:35:49.728 [Test worker] INFO org.springframework.boot.test.autoconfigure.web.servlet.WebMvcTestContextBootstrapper - Neither @ContextConfiguration nor @ContextHierarchy found for test class [ch.fhnw.edu.eaf.eventmgmt.UserControllerTest], using SpringBootContextLoader
18:35:49.732 [Test worker] DEBUG org.springframework.test.context.support.AbstractContextLoader - Did not detect default resource location for test class [ch.fhnw.edu.eaf.eventmgmt.UserControllerTest]: class path resource [ch/fhnw/edu/eaf/eventmgmt/UserControllerTest-context.xml] does not exist
18:35:49.733 [Test worker] DEBUG org.springframework.test.context.support.AbstractContextLoader - Did not detect default resource location for test class [ch.fhnw.edu.eaf.eventmgmt.UserControllerTest]: class path resource [ch/fhnw/edu/eaf/eventmgmt/UserControllerTestContext.groovy] does not exist
18:35:49.733 [Test worker] INFO org.springframework.test.context.support.AbstractContextLoader - Could not detect default resource locations for test class [ch.fhnw.edu.eaf.eventmgmt.UserControllerTest]: no resource found for suffixes {-context.xml, Context.groovy}.
18:35:49.734 [Test worker] INFO org.springframework.test.context.support.AnnotationConfigContextLoaderUtils - Could not detect default configuration classes for test class [ch.fhnw.edu.eaf.eventmgmt.UserControllerTest]: UserControllerTest does not declare any static, non-private, non-final, nested classes annotated with @Configuration.
18:35:49.795 [Test worker] DEBUG org.springframework.test.context.support.ActiveProfilesUtils - Could not find an 'annotation declaring class' for annotation type [org.springframework.test.context.ActiveProfiles] and class [ch.fhnw.edu.eaf.eventmgmt.UserControllerTest]
18:35:49.833 [Test worker] DEBUG org.springframework.core.env.StandardEnvironment - Adding [systemProperties] PropertySource with lowest search precedence
18:35:49.833 [Test worker] DEBUG org.springframework.core.env.StandardEnvironment - Adding [systemEnvironment] PropertySource with lowest search precedence
18:35:49.833 [Test worker] DEBUG org.springframework.core.env.StandardEnvironment - Initialized StandardEnvironment with PropertySources [systemProperties,systemEnvironment]
18:35:49.842 [Test worker] DEBUG org.springframework.core.io.support.PathMatchingResourcePatternResolver - Resolved classpath location [ch/fhnw/edu/eaf/eventmgmt/] to resources [URL [file:/Users/lukasschonbachler/IdeaProjects/simple_event_planner/usermanagement/build/classes/test/ch/fhnw/edu/eaf/eventmgmt/], URL [file:/Users/lukasschonbachler/IdeaProjects/simple_event_planner/usermanagement/build/classes/main/ch/fhnw/edu/eaf/eventmgmt/]]
18:35:49.843 [Test worker] DEBUG org.springframework.core.io.support.PathMatchingResourcePatternResolver - Looking for matching resources in directory tree [/Users/lukasschonbachler/IdeaProjects/simple_event_planner/usermanagement/build/classes/test/ch/fhnw/edu/eaf/eventmgmt]
18:35:49.843 [Test worker] DEBUG org.springframework.core.io.support.PathMatchingResourcePatternResolver - Searching directory [/Users/lukasschonbachler/IdeaProjects/simple_event_planner/usermanagement/build/classes/test/ch/fhnw/edu/eaf/eventmgmt] for files matching pattern [/Users/lukasschonbachler/IdeaProjects/simple_event_planner/usermanagement/build/classes/test/ch/fhnw/edu/eaf/eventmgmt/*.class]
18:35:49.847 [Test worker] DEBUG org.springframework.core.io.support.PathMatchingResourcePatternResolver - Looking for matching resources in directory tree [/Users/lukasschonbachler/IdeaProjects/simple_event_planner/usermanagement/build/classes/main/ch/fhnw/edu/eaf/eventmgmt]
18:35:49.847 [Test worker] DEBUG org.springframework.core.io.support.PathMatchingResourcePatternResolver - Searching directory [/Users/lukasschonbachler/IdeaProjects/simple_event_planner/usermanagement/build/classes/main/ch/fhnw/edu/eaf/eventmgmt] for files matching pattern [/Users/lukasschonbachler/IdeaProjects/simple_event_planner/usermanagement/build/classes/main/ch/fhnw/edu/eaf/eventmgmt/*.class]
18:35:49.848 [Test worker] DEBUG org.springframework.core.io.support.PathMatchingResourcePatternResolver - Resolved location pattern [classpath*:ch/fhnw/edu/eaf/eventmgmt/*.class] to resources [file [/Users/lukasschonbachler/IdeaProjects/simple_event_planner/usermanagement/build/classes/test/ch/fhnw/edu/eaf/eventmgmt/UserBuilder.class], file [/Users/lukasschonbachler/IdeaProjects/simple_event_planner/usermanagement/build/classes/test/ch/fhnw/edu/eaf/eventmgmt/UserControllerTest.class], file [/Users/lukasschonbachler/IdeaProjects/simple_event_planner/usermanagement/build/classes/main/ch/fhnw/edu/eaf/eventmgmt/UsermanagementApplication.class]]
18:35:49.885 [Test worker] DEBUG org.springframework.context.annotation.ClassPathScanningCandidateComponentProvider - Identified candidate component class: file [/Users/lukasschonbachler/IdeaProjects/simple_event_planner/usermanagement/build/classes/main/ch/fhnw/edu/eaf/eventmgmt/UsermanagementApplication.class]
18:35:49.886 [Test worker] INFO org.springframework.boot.test.context.SpringBootTestContextBootstrapper - Found @SpringBootConfiguration ch.fhnw.edu.eaf.eventmgmt.UsermanagementApplication for test class ch.fhnw.edu.eaf.eventmgmt.UserControllerTest
18:35:49.890 [Test worker] DEBUG org.springframework.boot.test.autoconfigure.web.servlet.WebMvcTestContextBootstrapper - @TestExecutionListeners is not present for class [ch.fhnw.edu.eaf.eventmgmt.UserControllerTest]: using defaults.
18:35:49.905 [Test worker] INFO org.springframework.boot.test.autoconfigure.web.servlet.WebMvcTestContextBootstrapper - Loaded default TestExecutionListener class names from location [META-INF/spring.factories]: [org.springframework.boot.test.mock.mockito.MockitoTestExecutionListener, org.springframework.boot.test.mock.mockito.ResetMocksTestExecutionListener, org.springframework.boot.test.autoconfigure.restdocs.RestDocsTestExecutionListener, org.springframework.boot.test.autoconfigure.web.client.MockRestServiceServerResetTestExecutionListener, org.springframework.boot.test.autoconfigure.web.servlet.MockMvcPrintOnlyOnFailureTestExecutionListener, org.springframework.boot.test.autoconfigure.web.servlet.WebDriverTestExecutionListener, org.springframework.test.context.web.ServletTestExecutionListener, org.springframework.test.context.support.DirtiesContextBeforeModesTestExecutionListener, org.springframework.test.context.support.DependencyInjectionTestExecutionListener, org.springframework.test.context.support.DirtiesContextTestExecutionListener, org.springframework.test.context.transaction.TransactionalTestExecutionListener, org.springframework.test.context.jdbc.SqlScriptsTestExecutionListener]
18:35:49.928 [Test worker] INFO org.springframework.boot.test.autoconfigure.web.servlet.WebMvcTestContextBootstrapper - Using TestExecutionListeners: [org.springframework.test.context.web.ServletTestExecutionListener@7cd38118, org.springframework.test.context.support.DirtiesContextBeforeModesTestExecutionListener@154ca258, org.springframework.boot.test.autoconfigure.SpringBootDependencyInjectionTestExecutionListener@75fb37b, org.springframework.test.context.support.DirtiesContextTestExecutionListener@5900d9d8, org.springframework.test.context.transaction.TransactionalTestExecutionListener@393b48a1, org.springframework.test.context.jdbc.SqlScriptsTestExecutionListener@499563bc, org.springframework.boot.test.autoconfigure.restdocs.RestDocsTestExecutionListener@332bc59e, org.springframework.boot.test.autoconfigure.web.client.MockRestServiceServerResetTestExecutionListener@6cba143a, org.springframework.boot.test.mock.mockito.ResetMocksTestExecutionListener@fa7274c, org.springframework.boot.test.mock.mockito.MockitoTestExecutionListener@6dcd2d87, org.springframework.boot.test.autoconfigure.web.servlet.MockMvcPrintOnlyOnFailureTestExecutionListener@a70295, org.springframework.boot.test.autoconfigure.web.servlet.WebDriverTestExecutionListener@3c00cd7f]
18:35:49.931 [Test worker] DEBUG org.springframework.test.annotation.ProfileValueUtils - Retrieved @ProfileValueSourceConfiguration [null] for test class [ch.fhnw.edu.eaf.eventmgmt.UserControllerTest]
18:35:49.932 [Test worker] DEBUG org.springframework.test.annotation.ProfileValueUtils - Retrieved ProfileValueSource type [class org.springframework.test.annotation.SystemProfileValueSource] for class [ch.fhnw.edu.eaf.eventmgmt.UserControllerTest]
18:35:49.932 [Test worker] DEBUG org.springframework.test.annotation.ProfileValueUtils - Retrieved @ProfileValueSourceConfiguration [null] for test class [ch.fhnw.edu.eaf.eventmgmt.UserControllerTest]
18:35:49.933 [Test worker] DEBUG org.springframework.test.annotation.ProfileValueUtils - Retrieved ProfileValueSource type [class org.springframework.test.annotation.SystemProfileValueSource] for class [ch.fhnw.edu.eaf.eventmgmt.UserControllerTest]
18:35:49.936 [Test worker] DEBUG org.springframework.test.context.support.AbstractDirtiesContextTestExecutionListener - Before test class: context [DefaultTestContext@30436ecd testClass = UserControllerTest, testInstance = [null], testMethod = [null], testException = [null], mergedContextConfiguration = [WebMergedContextConfiguration@5d25af12 testClass = UserControllerTest, locations = '{}', classes = '{class ch.fhnw.edu.eaf.eventmgmt.UsermanagementApplication}', contextInitializerClasses = '[]', activeProfiles = '{}', propertySourceLocations = '{classpath:test.properties}', propertySourceProperties = '{org.springframework.boot.test.autoconfigure.web.servlet.WebMvcTestContextBootstrapper=true}', contextCustomizers = set[org.springframework.boot.test.context.ImportsContextCustomizer@56c568db, org.springframework.boot.test.context.filter.ExcludeFilterContextCustomizer@61bc625f, org.springframework.boot.test.mock.mockito.MockitoContextCustomizer@98fcfe78, org.springframework.boot.test.autoconfigure.OverrideAutoConfigurationContextCustomizerFactory$DisableAutoConfigurationContextCustomizer@72b29ad, org.springframework.boot.test.autoconfigure.filter.TypeExcludeFiltersContextCustomizer@771fc7ed, org.springframework.boot.test.autoconfigure.properties.PropertyMappingContextCustomizer@9d4d3daa, org.springframework.boot.test.autoconfigure.web.servlet.WebDriverContextCustomizerFactory$Customizer@4d54453f], resourceBasePath = '', contextLoader = 'org.springframework.boot.test.context.SpringBootContextLoader', parent = [null]]], class annotated with @DirtiesContext [false] with mode [null].
18:35:49.937 [Test worker] DEBUG org.springframework.test.annotation.ProfileValueUtils - Retrieved @ProfileValueSourceConfiguration [null] for test class [ch.fhnw.edu.eaf.eventmgmt.UserControllerTest]
18:35:49.937 [Test worker] DEBUG org.springframework.test.annotation.ProfileValueUtils - Retrieved ProfileValueSource type [class org.springframework.test.annotation.SystemProfileValueSource] for class [ch.fhnw.edu.eaf.eventmgmt.UserControllerTest]
18:35:49.938 [Test worker] DEBUG org.springframework.test.context.support.DependencyInjectionTestExecutionListener - Performing dependency injection for test context [[DefaultTestContext@30436ecd testClass = UserControllerTest, testInstance = ch.fhnw.edu.eaf.eventmgmt.UserControllerTest@39a936e9, testMethod = [null], testException = [null], mergedContextConfiguration = [WebMergedContextConfiguration@5d25af12 testClass = UserControllerTest, locations = '{}', classes = '{class ch.fhnw.edu.eaf.eventmgmt.UsermanagementApplication}', contextInitializerClasses = '[]', activeProfiles = '{}', propertySourceLocations = '{classpath:test.properties}', propertySourceProperties = '{org.springframework.boot.test.autoconfigure.web.servlet.WebMvcTestContextBootstrapper=true}', contextCustomizers = set[org.springframework.boot.test.context.ImportsContextCustomizer@56c568db, org.springframework.boot.test.context.filter.ExcludeFilterContextCustomizer@61bc625f, org.springframework.boot.test.mock.mockito.MockitoContextCustomizer@98fcfe78, org.springframework.boot.test.autoconfigure.OverrideAutoConfigurationContextCustomizerFactory$DisableAutoConfigurationContextCustomizer@72b29ad, org.springframework.boot.test.autoconfigure.filter.TypeExcludeFiltersContextCustomizer@771fc7ed, org.springframework.boot.test.autoconfigure.properties.PropertyMappingContextCustomizer@9d4d3daa, org.springframework.boot.test.autoconfigure.web.servlet.WebDriverContextCustomizerFactory$Customizer@4d54453f], resourceBasePath = '', contextLoader = 'org.springframework.boot.test.context.SpringBootContextLoader', parent = [null]]]].
18:35:49.967 [Test worker] DEBUG org.springframework.core.env.StandardEnvironment - Adding [systemProperties] PropertySource with lowest search precedence
18:35:49.967 [Test worker] DEBUG org.springframework.core.env.StandardEnvironment - Adding [systemEnvironment] PropertySource with lowest search precedence
18:35:49.967 [Test worker] DEBUG org.springframework.core.env.StandardEnvironment - Initialized StandardEnvironment with PropertySources [systemProperties,systemEnvironment]
18:35:49.969 [Test worker] DEBUG org.springframework.core.env.StandardEnvironment - Adding [class path resource [test.properties]] PropertySource with highest search precedence
18:35:49.971 [Test worker] DEBUG org.springframework.test.context.support.TestPropertySourceUtils - Adding inlined properties to environment: {spring.jmx.enabled=false, org.springframework.boot.test.autoconfigure.web.servlet.WebMvcTestContextBootstrapper=true, server.port=-1}
18:35:49.971 [Test worker] DEBUG org.springframework.core.env.StandardEnvironment - Adding [Inlined Test Properties] PropertySource with highest search precedence

  .   ____          _            __ _ _
 /\\ / ___'_ __ _ _(_)_ __  __ _ \ \ \ \
( ( )\___ | '_ | '_| | '_ \/ _` | \ \ \ \
 \\/  ___)| |_)| | | | | || (_| |  ) ) ) )
  '  |____| .__|_| |_|_| |_\__, | / / / /
 =========|_|==============|___/=/_/_/_/
 :: Spring Boot ::        (v1.4.2.RELEASE)

2017-03-06 18:35:50.988  INFO 45989 --- [    Test worker] c.f.e.eaf.eventmgmt.UserControllerTest   : No active profile set, falling back to default profiles: default
2017-03-06 18:35:52.207  INFO 45989 --- [    Test worker] c.f.e.eaf.eventmgmt.UserControllerTest   : Started UserControllerTest in 2.226 seconds (JVM running for 3.207)
2017-03-06 18:35:52.273 DEBUG 45989 --- [    Test worker] c.f.e.eaf.eventmgmt.web.UserController   : Found user with id=1
2017-03-06 18:35:52.380 DEBUG 45989 --- [    Test worker] c.f.e.eaf.eventmgmt.web.UserController   : Found 2 users
]]></system-out>
  <system-err><![CDATA[]]></system-err>
</testsuite>
